2025-07-10T09:00:56.852+02:00  INFO 26160 --- [f1-manager] [main] pl.f1manager.F1ManagerApplication        : Starting F1ManagerApplication using Java 21.0.7 with PID 26160 (C:\Projekty\projekty_prywatne\f1-manager\build\classes\java\main started by Marek.Paluch in C:\Projekty\projekty_prywatne\f1-manager)
2025-07-10T09:00:56.853+02:00 DEBUG 26160 --- [f1-manager] [main] pl.f1manager.F1ManagerApplication        : Running with Spring Boot v3.5.3, Spring v6.2.8
2025-07-10T09:00:56.854+02:00  INFO 26160 --- [f1-manager] [main] pl.f1manager.F1ManagerApplication        : The following 1 profile is active: "dev"
2025-07-10T09:00:57.509+02:00  INFO 26160 --- [f1-manager] [main] .s.d.r.c.RepositoryConfigurationDelegate : Multiple Spring Data modules found, entering strict repository configuration mode
2025-07-10T09:00:57.512+02:00  INFO 26160 --- [f1-manager] [main] .s.d.r.c.RepositoryConfigurationDelegate : Bootstrapping Spring Data JPA repositories in DEFAULT mode.
2025-07-10T09:00:57.529+02:00  INFO 26160 --- [f1-manager] [main] .s.d.r.c.RepositoryConfigurationDelegate : Finished Spring Data repository scanning in 9 ms. Found 0 JPA repository interfaces.
2025-07-10T09:00:57.542+02:00  INFO 26160 --- [f1-manager] [main] .s.d.r.c.RepositoryConfigurationDelegate : Multiple Spring Data modules found, entering strict repository configuration mode
2025-07-10T09:00:57.544+02:00  INFO 26160 --- [f1-manager] [main] .s.d.r.c.RepositoryConfigurationDelegate : Bootstrapping Spring Data Redis repositories in DEFAULT mode.
2025-07-10T09:00:57.553+02:00  INFO 26160 --- [f1-manager] [main] .s.d.r.c.RepositoryConfigurationDelegate : Finished Spring Data repository scanning in 0 ms. Found 0 Redis repository interfaces.
2025-07-10T09:00:58.365+02:00  INFO 26160 --- [f1-manager] [main] o.s.b.w.embedded.tomcat.TomcatWebServer  : Tomcat initialized with port 9080 (http)
2025-07-10T09:00:58.379+02:00  INFO 26160 --- [f1-manager] [main] o.apache.catalina.core.StandardService   : Starting service [Tomcat]
2025-07-10T09:00:58.380+02:00  INFO 26160 --- [f1-manager] [main] o.apache.catalina.core.StandardEngine    : Starting Servlet engine: [Apache Tomcat/10.1.42]
2025-07-10T09:00:58.428+02:00  INFO 26160 --- [f1-manager] [main] o.a.c.c.C.[.[localhost].[/f1-manager]    : Initializing Spring embedded WebApplicationContext
2025-07-10T09:00:58.428+02:00  INFO 26160 --- [f1-manager] [main] w.s.c.ServletWebServerApplicationContext : Root WebApplicationContext: initialization completed in 1532 ms
2025-07-10T09:00:58.556+02:00  WARN 26160 --- [f1-manager] [main] com.zaxxer.hikari.HikariConfig           : f1manager - idleTimeout has been set but has no effect because the pool is operating as a fixed size pool.
2025-07-10T09:00:58.556+02:00  INFO 26160 --- [f1-manager] [main] com.zaxxer.hikari.HikariDataSource       : f1manager - Starting...
2025-07-10T09:00:58.746+02:00  INFO 26160 --- [f1-manager] [main] com.zaxxer.hikari.pool.HikariPool        : f1manager - Added connection conn0: url=jdbc:h2:mem:f1manager user=SA
2025-07-10T09:00:58.748+02:00  INFO 26160 --- [f1-manager] [main] com.zaxxer.hikari.HikariDataSource       : f1manager - Start completed.
2025-07-10T09:00:58.779+02:00  INFO 26160 --- [f1-manager] [main] o.hibernate.jpa.internal.util.LogHelper  : HHH000204: Processing PersistenceUnitInfo [name: default]
2025-07-10T09:00:58.817+02:00  INFO 26160 --- [f1-manager] [main] org.hibernate.Version                    : HHH000412: Hibernate ORM core version 6.6.18.Final
2025-07-10T09:00:58.843+02:00  INFO 26160 --- [f1-manager] [main] o.h.c.internal.RegionFactoryInitiator    : HHH000026: Second-level cache disabled
2025-07-10T09:00:59.111+02:00  INFO 26160 --- [f1-manager] [main] o.s.o.j.p.SpringPersistenceUnitInfo      : No LoadTimeWeaver setup: ignoring JPA class transformer
2025-07-10T09:00:59.175+02:00  INFO 26160 --- [f1-manager] [main] org.hibernate.orm.connections.pooling    : HHH10001005: Database info:
	Database JDBC URL [Connecting through datasource 'HikariDataSource (f1manager)']
	Database driver: undefined/unknown
	Database version: 2.3.232
	Autocommit mode: undefined/unknown
	Isolation level: undefined/unknown
	Minimum pool size: undefined/unknown
	Maximum pool size: undefined/unknown
2025-07-10T09:00:59.534+02:00  INFO 26160 --- [f1-manager] [main] o.h.e.t.j.p.i.JtaPlatformInitiator       : HHH000489: No JTA platform available (set 'hibernate.transaction.jta.platform' to enable JTA platform integration)
2025-07-10T09:00:59.538+02:00  INFO 26160 --- [f1-manager] [main] j.LocalContainerEntityManagerFactoryBean : Initialized JPA EntityManagerFactory for persistence unit 'default'
2025-07-10T09:00:59.588+02:00  WARN 26160 --- [f1-manager] [main] JpaBaseConfiguration$JpaWebConfiguration : spring.jpa.open-in-view is enabled by default. Therefore, database queries may be performed during view rendering. Explicitly configure spring.jpa.open-in-view to disable this warning
2025-07-10T09:01:00.384+02:00  INFO 26160 --- [f1-manager] [main] o.s.b.a.h2.H2ConsoleAutoConfiguration    : H2 console available at '/h2-console'. Database available at 'jdbc:h2:mem:f1manager'
2025-07-10T09:01:00.450+02:00  WARN 26160 --- [f1-manager] [main] .s.s.UserDetailsServiceAutoConfiguration : 

Using generated security password: 3298f017-47da-48b1-a0b4-c3e2dacc4e91

This generated password is for development use only. Your security configuration must be updated before running your application in production.

2025-07-10T09:01:00.456+02:00  INFO 26160 --- [f1-manager] [main] r$InitializeUserDetailsManagerConfigurer : Global AuthenticationManager configured with UserDetailsService bean with name inMemoryUserDetailsManager
2025-07-10T09:01:00.583+02:00  INFO 26160 --- [f1-manager] [main] o.s.b.w.embedded.tomcat.TomcatWebServer  : Tomcat started on port 9080 (http) with context path '/f1-manager'
2025-07-10T09:01:00.590+02:00  INFO 26160 --- [f1-manager] [main] pl.f1manager.F1ManagerApplication        : Started F1ManagerApplication in 4.241 seconds (process running for 5.165)
